Info 0    [23:21:11.024] Starting TS Server
Info 1    [23:21:11.099] Version: 4.6.3
Info 2    [23:21:11.099] Arguments: /usr/bin/node /usr/lib/node_modules/typescript/lib/tsserver.js --logFile /home/frog/public/typescript_bot/.log/tsserver.log --logVerbosity info --cancellationPipeName /tmp/2f82a01863cd504007f6ba7e063317a6/tscancellation*
Info 3    [23:21:11.099] Platform: linux NodeVersion: 17 CaseSensitive: true
Info 4    [23:21:11.099] ServerMode: undefined syntaxOnly: false hasUnknownServerMode: undefined
Info 5    [23:21:11.129] Format host information updated
Info 6    [23:21:11.268] Search path: /home/frog/public/typescript_bot
Info 7    [23:21:11.270] For info: /home/frog/public/typescript_bot/index.ts :: Config file name: /home/frog/public/typescript_bot/tsconfig.json
Info 8    [23:21:11.270] Creating configuration project /home/frog/public/typescript_bot/tsconfig.json
Info 9    [23:21:11.318] Config: /home/frog/public/typescript_bot/tsconfig.json : {
 "rootNames": [
  "/home/frog/public/typescript_bot/ctrl.ts",
  "/home/frog/public/typescript_bot/index.ts",
  "/home/frog/public/typescript_bot/test_schema.ts",
  "/home/frog/public/typescript_bot/commands/moderation/ban.ts",
  "/home/frog/public/typescript_bot/commands/testing/ping.ts",
  "/home/frog/public/typescript_bot/commands/testing/ping_public.ts",
  "/home/frog/public/typescript_bot/commands/testing/pong.ts",
  "/home/frog/public/typescript_bot/commands/testing/pong_public.ts"
 ],
 "options": {
  "target": 3,
  "module": 1,
  "esModuleInterop": true,
  "forceConsistentCasingInFileNames": true,
  "strict": true,
  "skipLibCheck": true,
  "configFilePath": "/home/frog/public/typescript_bot/tsconfig.json"
 }
}
Info 10   [23:21:12.183] Starting updateGraphWorker: Project: /home/frog/public/typescript_bot/tsconfig.json
Info 11   [23:21:15.110] Finishing updateGraphWorker: Project: /home/frog/public/typescript_bot/tsconfig.json Version: 1 structureChanged: true structureIsReused:: Not Elapsed: 2926.673609999998ms
Info 12   [23:21:15.110] Project '/home/frog/public/typescript_bot/tsconfig.json' (Configured)
Info 13   [23:21:15.110] 	Files (202)

Info 14   [23:21:15.110] -----------------------------------------------
Info 15   [23:21:15.116] AutoImportProviderProject: found 1 root files in 1 dependencies in 3.4020929999969667 ms
Info 16   [23:21:15.116] Starting updateGraphWorker: Project: /dev/null/autoImportProviderProject1*
Info 17   [23:21:15.122] Finishing updateGraphWorker: Project: /dev/null/autoImportProviderProject1* Version: 1 structureChanged: true structureIsReused:: Not Elapsed: 5.304621999996016ms
Info 18   [23:21:15.122] Project '/dev/null/autoImportProviderProject1*' (AutoImportProvider)
Info 19   [23:21:15.122] 	Files (52)

Info 20   [23:21:15.122] -----------------------------------------------
Info 21   [23:21:16.174] DirectoryWatcher:: Triggered with /home/frog/public/typescript_bot/.log/ti-1164.log 0:: WatchInfo: /home/frog/public/typescript_bot 1 undefined Config: /home/frog/public/typescript_bot/tsconfig.json WatchType: Wild card directory
Info 22   [23:21:16.175] Project: /home/frog/public/typescript_bot/tsconfig.json Detected file add/remove of non supported extension: /home/frog/public/typescript_bot/.log/ti-1164.log
Info 23   [23:21:16.175] Elapsed:: 0.5483680000033928ms DirectoryWatcher:: Triggered with /home/frog/public/typescript_bot/.log/ti-1164.log 0:: WatchInfo: /home/frog/public/typescript_bot 1 undefined Config: /home/frog/public/typescript_bot/tsconfig.json WatchType: Wild card directory
Info 24   [23:21:21.310] Starting updateGraphWorker: Project: /home/frog/public/typescript_bot/tsconfig.json
Info 25   [23:21:21.352] Finishing updateGraphWorker: Project: /home/frog/public/typescript_bot/tsconfig.json Version: 2 structureChanged: true structureIsReused:: SafeModules Elapsed: 42.0888210000121ms
Info 26   [23:21:21.352] Different program with same set of files
Info 27   [23:21:31.289] Starting updateGraphWorker: Project: /home/frog/public/typescript_bot/tsconfig.json
Info 28   [23:21:31.348] Finishing updateGraphWorker: Project: /home/frog/public/typescript_bot/tsconfig.json Version: 3 structureChanged: true structureIsReused:: SafeModules Elapsed: 59.128590000007534ms
Info 29   [23:21:31.348] Different program with same set of files
Info 30   [23:21:31.891] Starting updateGraphWorker: Project: /home/frog/public/typescript_bot/tsconfig.json
Info 31   [23:21:31.897] Finishing updateGraphWorker: Project: /home/frog/public/typescript_bot/tsconfig.json Version: 4 structureChanged: false structureIsReused:: Completely Elapsed: 5.3657569999923ms
Info 32   [23:21:31.897] Different program with same set of files
Info 33   [23:21:35.351] DirectoryWatcher:: Triggered with /home/frog/public/typescript_bot/#index.ts# 0:: WatchInfo: /home/frog/public/typescript_bot 1 undefined Config: /home/frog/public/typescript_bot/tsconfig.json WatchType: Wild card directory
Info 34   [23:21:35.352] Project: /home/frog/public/typescript_bot/tsconfig.json Detected file add/remove of non supported extension: /home/frog/public/typescript_bot/#index.ts#
Info 35   [23:21:35.352] Elapsed:: 0.1727240000036545ms DirectoryWatcher:: Triggered with /home/frog/public/typescript_bot/#index.ts# 0:: WatchInfo: /home/frog/public/typescript_bot 1 undefined Config: /home/frog/public/typescript_bot/tsconfig.json WatchType: Wild card directory
Info 36   [23:21:37.866] Starting updateGraphWorker: Project: /home/frog/public/typescript_bot/tsconfig.json
Info 37   [23:21:37.871] Finishing updateGraphWorker: Project: /home/frog/public/typescript_bot/tsconfig.json Version: 5 structureChanged: false structureIsReused:: Completely Elapsed: 5.5085350000008475ms
Info 38   [23:21:37.871] Different program with same set of files
Info 39   [23:21:39.804] Starting updateGraphWorker: Project: /home/frog/public/typescript_bot/tsconfig.json
Info 40   [23:21:39.814] Finishing updateGraphWorker: Project: /home/frog/public/typescript_bot/tsconfig.json Version: 6 structureChanged: false structureIsReused:: Completely Elapsed: 10.417994000017643ms
Info 41   [23:21:39.814] Different program with same set of files
Info 42   [23:21:54.346] Starting updateGraphWorker: Project: /home/frog/public/typescript_bot/tsconfig.json
Info 43   [23:21:54.352] Finishing updateGraphWorker: Project: /home/frog/public/typescript_bot/tsconfig.json Version: 7 structureChanged: false structureIsReused:: Completely Elapsed: 6.081149000005098ms
Info 44   [23:21:54.352] Different program with same set of files
Info 45   [23:21:54.665] Starting updateGraphWorker: Project: /home/frog/public/typescript_bot/tsconfig.json
Info 46   [23:21:54.672] Finishing updateGraphWorker: Project: /home/frog/public/typescript_bot/tsconfig.json Version: 8 structureChanged: false structureIsReused:: Completely Elapsed: 6.077731999976095ms
Info 47   [23:21:54.672] Different program with same set of files
Info 48   [23:21:56.680] DirectoryWatcher:: Triggered with /home/frog/public/typescript_bot/#index.ts# 0:: WatchInfo: /home/frog/public/typescript_bot 1 undefined Config: /home/frog/public/typescript_bot/tsconfig.json WatchType: Wild card directory
Info 49   [23:21:56.680] Project: /home/frog/public/typescript_bot/tsconfig.json Detected file add/remove of non supported extension: /home/frog/public/typescript_bot/#index.ts#
Info 50   [23:21:56.680] Elapsed:: 0.21628599998075515ms DirectoryWatcher:: Triggered with /home/frog/public/typescript_bot/#index.ts# 0:: WatchInfo: /home/frog/public/typescript_bot 1 undefined Config: /home/frog/public/typescript_bot/tsconfig.json WatchType: Wild card directory
Info 51   [23:22:00.408] Search path: /home/frog/public/typescript_bot
Info 52   [23:22:00.408] For info: /home/frog/public/typescript_bot/index.ts :: Config file name: /home/frog/public/typescript_bot/tsconfig.json
Info 53   [23:22:00.408] Starting updateGraphWorker: Project: /home/frog/public/typescript_bot/tsconfig.json
Info 54   [23:22:00.414] Finishing updateGraphWorker: Project: /home/frog/public/typescript_bot/tsconfig.json Version: 9 structureChanged: false structureIsReused:: Completely Elapsed: 6.436786000005668ms
Info 55   [23:22:00.414] Different program with same set of files
Info 56   [23:22:42.082] Starting updateGraphWorker: Project: /home/frog/public/typescript_bot/tsconfig.json
Info 57   [23:22:42.094] Finishing updateGraphWorker: Project: /home/frog/public/typescript_bot/tsconfig.json Version: 10 structureChanged: false structureIsReused:: Completely Elapsed: 11.90161899998202ms
Info 58   [23:22:42.094] Different program with same set of files
Info 59   [23:22:44.058] Starting updateGraphWorker: Project: /home/frog/public/typescript_bot/tsconfig.json
Info 60   [23:22:44.069] Finishing updateGraphWorker: Project: /home/frog/public/typescript_bot/tsconfig.json Version: 11 structureChanged: false structureIsReused:: Completely Elapsed: 10.955053000012413ms
Info 61   [23:22:44.070] Different program with same set of files
Info 62   [23:23:34.513] DirectoryWatcher:: Triggered with /home/frog/public/typescript_bot/test_schema.ts 0:: WatchInfo: /home/frog/public/typescript_bot 1 undefined Config: /home/frog/public/typescript_bot/tsconfig.json WatchType: Wild card directory
Info 63   [23:23:34.514] Elapsed:: 0.9916100000264123ms DirectoryWatcher:: Triggered with /home/frog/public/typescript_bot/test_schema.ts 0:: WatchInfo: /home/frog/public/typescript_bot 1 undefined Config: /home/frog/public/typescript_bot/tsconfig.json WatchType: Wild card directory
Info 64   [23:23:34.769] Starting updateGraphWorker: Project: /home/frog/public/typescript_bot/tsconfig.json
Info 65   [23:23:34.827] Finishing updateGraphWorker: Project: /home/frog/public/typescript_bot/tsconfig.json Version: 12 structureChanged: true structureIsReused:: Not Elapsed: 57.847936999984086ms
Info 66   [23:23:34.827] Project '/home/frog/public/typescript_bot/tsconfig.json' (Configured)
Info 67   [23:23:34.827] 	Files (188)

Info 68   [23:23:34.827] -----------------------------------------------
Info 69   [23:23:34.827] Project '/dev/null/autoImportProviderProject1*' (AutoImportProvider)
Info 70   [23:23:34.827] 	Files (52)

Info 71   [23:23:34.827] -----------------------------------------------
Info 72   [23:23:35.236] FileWatcher:: Triggered with /home/frog/public/typescript_bot/test_schema.ts 2:: WatchInfo: /home/frog/public/typescript_bot/test_schema.ts 500 undefined WatchType: Closed Script info
Info 73   [23:23:35.237] Elapsed:: 0.6544180000200868ms FileWatcher:: Triggered with /home/frog/public/typescript_bot/test_schema.ts 2:: WatchInfo: /home/frog/public/typescript_bot/test_schema.ts 500 undefined WatchType: Closed Script info
Info 74   [23:23:37.016] Before ensureProjectForOpenFiles:
Info 75   [23:23:37.016] After ensureProjectForOpenFiles:
Info 76   [23:23:37.017] got projects updated in background, updating diagnostics for /home/frog/public/typescript_bot/index.ts
Info 77   [23:23:44.353] Starting updateGraphWorker: Project: /home/frog/public/typescript_bot/tsconfig.json
Info 78   [23:23:44.363] Finishing updateGraphWorker: Project: /home/frog/public/typescript_bot/tsconfig.json Version: 13 structureChanged: false structureIsReused:: Completely Elapsed: 9.69161300000269ms
Info 79   [23:23:44.363] Different program with same set of files
Info 80   [23:23:57.026] Starting updateGraphWorker: Project: /home/frog/public/typescript_bot/tsconfig.json
Info 81   [23:23:57.038] Finishing updateGraphWorker: Project: /home/frog/public/typescript_bot/tsconfig.json Version: 14 structureChanged: false structureIsReused:: Completely Elapsed: 11.844960999966133ms
Info 82   [23:23:57.038] Different program with same set of files
Info 83   [23:24:00.464] Starting updateGraphWorker: Project: /home/frog/public/typescript_bot/tsconfig.json
Info 84   [23:24:00.477] Finishing updateGraphWorker: Project: /home/frog/public/typescript_bot/tsconfig.json Version: 15 structureChanged: false structureIsReused:: Completely Elapsed: 12.70953599998029ms
Info 85   [23:24:00.477] Different program with same set of files
Info 86   [23:24:08.520] Starting updateGraphWorker: Project: /home/frog/public/typescript_bot/tsconfig.json
Info 87   [23:24:08.531] Finishing updateGraphWorker: Project: /home/frog/public/typescript_bot/tsconfig.json Version: 16 structureChanged: false structureIsReused:: Completely Elapsed: 10.59708999999566ms
Info 88   [23:24:08.531] Different program with same set of files
Info 89   [23:24:09.449] Starting updateGraphWorker: Project: /home/frog/public/typescript_bot/tsconfig.json
Info 90   [23:24:09.459] Finishing updateGraphWorker: Project: /home/frog/public/typescript_bot/tsconfig.json Version: 17 structureChanged: false structureIsReused:: Completely Elapsed: 9.550777000025846ms
Info 91   [23:24:09.459] Different program with same set of files
Info 92   [23:24:14.122] Starting updateGraphWorker: Project: /home/frog/public/typescript_bot/tsconfig.json
Info 93   [23:24:14.132] Finishing updateGraphWorker: Project: /home/frog/public/typescript_bot/tsconfig.json Version: 18 structureChanged: false structureIsReused:: Completely Elapsed: 9.509932000015397ms
Info 94   [23:24:14.132] Different program with same set of files
Info 95   [23:47:32.460] Starting updateGraphWorker: Project: /home/frog/public/typescript_bot/tsconfig.json
Info 96   [23:47:32.471] Finishing updateGraphWorker: Project: /home/frog/public/typescript_bot/tsconfig.json Version: 19 structureChanged: false structureIsReused:: Completely Elapsed: 11.33462499990128ms
Info 97   [23:47:32.472] Different program with same set of files
Info 98   [23:47:32.866] Starting updateGraphWorker: Project: /home/frog/public/typescript_bot/tsconfig.json
Info 99   [23:47:32.877] Finishing updateGraphWorker: Project: /home/frog/public/typescript_bot/tsconfig.json Version: 20 structureChanged: false structureIsReused:: Completely Elapsed: 10.282240000087768ms
Info 100  [23:47:32.877] Different program with same set of files
Info 101  [23:47:32.880] getCompletionData: Get current token: 0.025316999992355704
Info 102  [23:47:32.881] getCompletionData: Is inside comment: 0.015188999939709902
Info 103  [23:47:32.881] getCompletionData: Get previous token: 0.11585800000466406
Info 104  [23:47:32.882] getCompletionsAtPosition: isCompletionListBlocker: 0.6585959999356419
Info 105  [23:47:32.885] getCompletionData: Semantic work: 3.3132860001642257
Info 106  [23:47:32.915] getCompletionsAtPosition: getCompletionEntriesFromSymbols: 28.175328999990597
Info 107  [23:47:32.921] getCompletionData: Get current token: 0.019677000120282173
Info 108  [23:47:32.922] getCompletionData: Is inside comment: 0.011131000006571412
Info 109  [23:47:32.922] getCompletionData: Get previous token: 0.10983600001782179
Info 110  [23:47:32.922] getCompletionsAtPosition: isCompletionListBlocker: 0.008466000203043222
Info 111  [23:47:32.922] getCompletionData: Semantic work: 0.4138970000203699
Info 112  [23:47:32.939] getCompletionsAtPosition: getCompletionEntriesFromSymbols: 16.79705199995078
Info 113  [23:47:32.942] getCompletionData: Get current token: 0.015208999859169126
Info 114  [23:47:32.942] getCompletionData: Is inside comment: 0.008835999993607402
Info 115  [23:47:32.942] getCompletionData: Get previous token: 0.08618199988268316
Info 116  [23:47:32.942] getCompletionsAtPosition: isCompletionListBlocker: 0.007183999987319112
Info 117  [23:47:32.943] getCompletionData: Semantic work: 0.3227160000242293
Info 118  [23:47:32.949] getCompletionsAtPosition: getCompletionEntriesFromSymbols: 6.382103000069037
Info 119  [23:47:32.950] getCompletionData: Get current token: 0.0062519998755306005
Info 120  [23:47:32.951] getCompletionData: Is inside comment: 0.003346000099554658
Info 121  [23:47:32.951] getCompletionData: Get previous token: 0.03722900012508035
Info 122  [23:47:32.951] getCompletionsAtPosition: isCompletionListBlocker: 0.003987999865785241
Info 123  [23:47:32.951] getCompletionData: Semantic work: 0.17817400000058115
Info 124  [23:47:32.957] getCompletionsAtPosition: getCompletionEntriesFromSymbols: 5.944793000118807
Info 125  [23:47:32.985] Starting updateGraphWorker: Project: /home/frog/public/typescript_bot/tsconfig.json
Info 126  [23:47:32.990] Finishing updateGraphWorker: Project: /home/frog/public/typescript_bot/tsconfig.json Version: 21 structureChanged: false structureIsReused:: Completely Elapsed: 5.093104999978095ms
Info 127  [23:47:32.990] Different program with same set of files
Info 128  [23:47:32.990] getCompletionData: Get current token: 0.006272000027820468
Info 129  [23:47:32.990] getCompletionData: Is inside comment: 0.00535999983549118
Info 130  [23:47:32.990] getCompletionData: Get previous token: 0.03306199982762337
Info 131  [23:47:32.990] getCompletionsAtPosition: isCompletionListBlocker: 0.004068000009283423
Info 132  [23:47:32.991] getCompletionData: Semantic work: 0.27829200006090105
Info 133  [23:47:32.998] getCompletionsAtPosition: getCompletionEntriesFromSymbols: 6.9725309999194
Info 134  [23:47:33.077] getCompletionData: Get current token: 0.009388000005856156
Info 135  [23:47:33.077] getCompletionData: Is inside comment: 0.005229000002145767
Info 136  [23:47:33.077] getCompletionData: Get previous token: 0.0486410001758486
Info 137  [23:47:33.077] getCompletionsAtPosition: isCompletionListBlocker: 0.003966999938711524
Info 138  [23:47:33.078] getCompletionData: Semantic work: 0.2330370000563562
Info 139  [23:47:33.083] getCompletionsAtPosition: getCompletionEntriesFromSymbols: 5.79493199987337
Info 140  [23:47:33.086] getCompletionData: Get current token: 0.016250999877229333
Info 141  [23:47:33.086] getCompletionData: Is inside comment: 0.00812499993480742
Info 142  [23:47:33.086] getCompletionData: Get previous token: 0.0804610000923276
Info 143  [23:47:33.087] getCompletionsAtPosition: isCompletionListBlocker: 0.00659200013615191
Info 144  [23:47:33.087] getCompletionData: Semantic work: 0.34351499984040856
Info 145  [23:47:33.097] getCompletionsAtPosition: getCompletionEntriesFromSymbols: 10.053721999982372
Info 146  [23:47:33.100] getCompletionData: Get current token: 0.02299299999140203
Info 147  [23:47:33.100] getCompletionData: Is inside comment: 0.08846600004471838
Info 148  [23:47:33.101] getCompletionData: Get previous token: 0.10201100003905594
Info 149  [23:47:33.101] getCompletionsAtPosition: isCompletionListBlocker: 0.010168999899178743
Info 150  [23:47:33.102] getCompletionData: Semantic work: 0.7828180000651628
Info 151  [23:47:33.112] getCompletionsAtPosition: getCompletionEntriesFromSymbols: 10.56324699986726
Info 152  [23:47:33.119] Starting updateGraphWorker: Project: /home/frog/public/typescript_bot/tsconfig.json
Info 153  [23:47:33.129] Finishing updateGraphWorker: Project: /home/frog/public/typescript_bot/tsconfig.json Version: 22 structureChanged: false structureIsReused:: Completely Elapsed: 9.53210199996829ms
Info 154  [23:47:33.129] Different program with same set of files
Info 155  [23:47:33.130] getCompletionData: Get current token: 0.013544999994337559
Info 156  [23:47:33.130] getCompletionData: Is inside comment: 0.00672199996188283
Info 157  [23:47:33.130] getCompletionData: Get previous token: 0.07077200012281537
Info 158  [23:47:33.130] getCompletionsAtPosition: isCompletionListBlocker: 0.008455999894067645
Info 159  [23:47:33.130] getCompletionData: Semantic work: 0.5657720000017434
Info 160  [23:47:33.143] getCompletionsAtPosition: getCompletionEntriesFromSymbols: 12.048223000019789
Info 161  [23:47:33.145] getCompletionData: Get current token: 0.012574000051245093
Info 162  [23:47:33.146] getCompletionData: Is inside comment: 0.00851599988527596
Info 163  [23:47:33.146] getCompletionData: Get previous token: 0.07038199994713068
Info 164  [23:47:33.146] getCompletionsAtPosition: isCompletionListBlocker: 0.008054999867454171
Info 165  [23:47:33.146] getCompletionData: Semantic work: 0.29134700004942715
Info 166  [23:47:33.153] getCompletionsAtPosition: getCompletionEntriesFromSymbols: 7.095551999984309
Info 167  [23:47:33.156] getCompletionData: Get current token: 0.012233000015839934
Info 168  [23:47:33.156] getCompletionData: Is inside comment: 0.01675099995918572
Info 169  [23:47:33.156] getCompletionData: Get previous token: 0.06793799996376038
Info 170  [23:47:33.156] getCompletionsAtPosition: isCompletionListBlocker: 0.005379999987781048
Info 171  [23:47:33.156] getCompletionData: Semantic work: 0.36300099990330637
Info 172  [23:47:33.163] getCompletionsAtPosition: getCompletionEntriesFromSymbols: 6.838800000026822
Info 173  [23:47:33.166] getCompletionData: Get current token: 0.007313000038266182
Info 174  [23:47:33.166] getCompletionData: Is inside comment: 0.0029460000805556774
Info 175  [23:47:33.166] getCompletionData: Get previous token: 0.039173000026494265
Info 176  [23:47:33.166] getCompletionsAtPosition: isCompletionListBlocker: 0.0033859999384731054
Info 177  [23:47:33.166] getCompletionData: Semantic work: 0.20895199989899993
Info 178  [23:47:33.169] getCompletionsAtPosition: getCompletionEntriesFromSymbols: 2.85082900011912
Info 179  [23:47:33.170] Starting updateGraphWorker: Project: /home/frog/public/typescript_bot/tsconfig.json
Info 180  [23:47:33.174] Finishing updateGraphWorker: Project: /home/frog/public/typescript_bot/tsconfig.json Version: 23 structureChanged: false structureIsReused:: Completely Elapsed: 4.117034000111744ms
Info 181  [23:47:33.174] Different program with same set of files
Info 182  [23:47:33.175] getCompletionData: Get current token: 0.0052999998442828655
Info 183  [23:47:33.175] getCompletionData: Is inside comment: 0.00241499999538064
Info 184  [23:47:33.175] getCompletionData: Get previous token: 0.030657999916002154
Info 185  [23:47:33.175] getCompletionsAtPosition: isCompletionListBlocker: 0.0029459998477250338
Info 186  [23:47:33.175] getCompletionData: Semantic work: 0.28523499984294176
Info 187  [23:47:33.181] getCompletionsAtPosition: getCompletionEntriesFromSymbols: 5.442450999980792
Info 188  [23:47:33.182] getCompletionData: Get current token: 0.004858999978750944
Info 189  [23:47:33.182] getCompletionData: Is inside comment: 0.002073999959975481
Info 190  [23:47:33.182] getCompletionData: Get previous token: 0.026188999880105257
Info 191  [23:47:33.182] getCompletionsAtPosition: isCompletionListBlocker: 0.002584999892860651
Info 192  [23:47:33.182] getCompletionData: Semantic work: 0.10336400009691715
Info 193  [23:47:33.185] getCompletionsAtPosition: getCompletionEntriesFromSymbols: 2.701498000184074
Info 194  [23:47:33.186] getCompletionData: Get current token: 0.0047079999931156635
Info 195  [23:47:33.186] getCompletionData: Is inside comment: 0.002294000005349517
Info 196  [23:47:33.186] getCompletionData: Get previous token: 0.02610899996943772
Info 197  [23:47:33.186] getCompletionsAtPosition: isCompletionListBlocker: 0.002785000018775463
Info 198  [23:47:33.186] getCompletionData: Semantic work: 0.1082929999101907
Info 199  [23:47:33.188] getCompletionsAtPosition: getCompletionEntriesFromSymbols: 2.720363999949768
Info 200  [23:47:33.191] getCompletionData: Get current token: 0.005529999965801835
Info 201  [23:47:33.191] getCompletionData: Is inside comment: 0.0022950000129640102
Info 202  [23:47:33.191] getCompletionData: Get previous token: 0.029675999889150262
Info 203  [23:47:33.191] getCompletionsAtPosition: isCompletionListBlocker: 0.0028250000905245543
Info 204  [23:47:33.191] getCompletionData: Semantic work: 0.13523300015367568
Info 205  [23:47:33.194] getCompletionsAtPosition: getCompletionEntriesFromSymbols: 3.0481489999219775
Info 206  [23:47:33.418] Starting updateGraphWorker: Project: /home/frog/public/typescript_bot/tsconfig.json
Info 207  [23:47:33.425] Finishing updateGraphWorker: Project: /home/frog/public/typescript_bot/tsconfig.json Version: 24 structureChanged: false structureIsReused:: Completely Elapsed: 6.935982000082731ms
Info 208  [23:47:33.425] Different program with same set of files
Info 209  [23:47:33.425] Starting updateGraphWorker: Project: /home/frog/public/typescript_bot/tsconfig.json
Info 210  [23:47:33.431] Finishing updateGraphWorker: Project: /home/frog/public/typescript_bot/tsconfig.json Version: 25 structureChanged: false structureIsReused:: Completely Elapsed: 5.907071999972686ms
Info 211  [23:47:33.431] Different program with same set of files
Info 212  [23:50:43.319] Search path: /home/frog/public/typescript_bot/commands/moderation
Info 213  [23:50:43.320] For info: /home/frog/public/typescript_bot/commands/moderation/ban.ts :: Config file name: /home/frog/public/typescript_bot/tsconfig.json
Info 214  [23:52:01.473] Search path: /home/frog/public/typescript_bot
Info 215  [23:52:01.474] For info: /home/frog/public/typescript_bot/ctrl.ts :: Config file name: /home/frog/public/typescript_bot/tsconfig.json
Info 216  [23:54:41.317] Starting updateGraphWorker: Project: /home/frog/public/typescript_bot/tsconfig.json
Info 217  [23:54:41.337] Finishing updateGraphWorker: Project: /home/frog/public/typescript_bot/tsconfig.json Version: 26 structureChanged: false structureIsReused:: Completely Elapsed: 19.983800999820232ms
Info 218  [23:54:41.338] Different program with same set of files
Info 219  [23:56:17.521] DirectoryWatcher:: Triggered with /home/frog/public/typescript_bot/main.py 0:: WatchInfo: /home/frog/public/typescript_bot 1 undefined Config: /home/frog/public/typescript_bot/tsconfig.json WatchType: Wild card directory
Info 220  [23:56:17.522] Project: /home/frog/public/typescript_bot/tsconfig.json Detected file add/remove of non supported extension: /home/frog/public/typescript_bot/main.py
Info 221  [23:56:17.522] Elapsed:: 1.0787240001372993ms DirectoryWatcher:: Triggered with /home/frog/public/typescript_bot/main.py 0:: WatchInfo: /home/frog/public/typescript_bot 1 undefined Config: /home/frog/public/typescript_bot/tsconfig.json WatchType: Wild card directory
Info 222  [23:57:50.211] DirectoryWatcher:: Triggered with /home/frog/public/typescript_bot/#main.py# 0:: WatchInfo: /home/frog/public/typescript_bot 1 undefined Config: /home/frog/public/typescript_bot/tsconfig.json WatchType: Wild card directory
Info 223  [23:57:50.212] Project: /home/frog/public/typescript_bot/tsconfig.json Detected file add/remove of non supported extension: /home/frog/public/typescript_bot/#main.py#
Info 224  [23:57:50.212] Elapsed:: 0.22497199987992644ms DirectoryWatcher:: Triggered with /home/frog/public/typescript_bot/#main.py# 0:: WatchInfo: /home/frog/public/typescript_bot 1 undefined Config: /home/frog/public/typescript_bot/tsconfig.json WatchType: Wild card directory
Info 225  [23:58:54.570] DirectoryWatcher:: Triggered with /home/frog/public/typescript_bot/#main.py# 0:: WatchInfo: /home/frog/public/typescript_bot 1 undefined Config: /home/frog/public/typescript_bot/tsconfig.json WatchType: Wild card directory
Info 226  [23:58:54.570] Project: /home/frog/public/typescript_bot/tsconfig.json Detected file add/remove of non supported extension: /home/frog/public/typescript_bot/#main.py#
Info 227  [23:58:54.570] Elapsed:: 0.19413400022313ms DirectoryWatcher:: Triggered with /home/frog/public/typescript_bot/#main.py# 0:: WatchInfo: /home/frog/public/typescript_bot 1 undefined Config: /home/frog/public/typescript_bot/tsconfig.json WatchType: Wild card directory
Info 228  [23:59:30.925] DirectoryWatcher:: Triggered with /home/frog/public/typescript_bot/#main.py# 0:: WatchInfo: /home/frog/public/typescript_bot 1 undefined Config: /home/frog/public/typescript_bot/tsconfig.json WatchType: Wild card directory
Info 229  [23:59:30.926] Project: /home/frog/public/typescript_bot/tsconfig.json Detected file add/remove of non supported extension: /home/frog/public/typescript_bot/#main.py#
Info 230  [23:59:30.926] Elapsed:: 0.28953299997374415ms DirectoryWatcher:: Triggered with /home/frog/public/typescript_bot/#main.py# 0:: WatchInfo: /home/frog/public/typescript_bot 1 undefined Config: /home/frog/public/typescript_bot/tsconfig.json WatchType: Wild card directory
Info 231  [00:00:00.175] DirectoryWatcher:: Triggered with /home/frog/public/typescript_bot/#main.py# 0:: WatchInfo: /home/frog/public/typescript_bot 1 undefined Config: /home/frog/public/typescript_bot/tsconfig.json WatchType: Wild card directory
Info 232  [00:00:00.175] Project: /home/frog/public/typescript_bot/tsconfig.json Detected file add/remove of non supported extension: /home/frog/public/typescript_bot/#main.py#
Info 233  [00:00:00.175] Elapsed:: 0.24212400009855628ms DirectoryWatcher:: Triggered with /home/frog/public/typescript_bot/#main.py# 0:: WatchInfo: /home/frog/public/typescript_bot 1 undefined Config: /home/frog/public/typescript_bot/tsconfig.json WatchType: Wild card directory
Info 234  [00:00:58.113] DirectoryWatcher:: Triggered with /home/frog/public/typescript_bot/#main.py# 0:: WatchInfo: /home/frog/public/typescript_bot 1 undefined Config: /home/frog/public/typescript_bot/tsconfig.json WatchType: Wild card directory
Info 235  [00:00:58.113] Project: /home/frog/public/typescript_bot/tsconfig.json Detected file add/remove of non supported extension: /home/frog/public/typescript_bot/#main.py#
Info 236  [00:00:58.113] Elapsed:: 0.10987600032240152ms DirectoryWatcher:: Triggered with /home/frog/public/typescript_bot/#main.py# 0:: WatchInfo: /home/frog/public/typescript_bot 1 undefined Config: /home/frog/public/typescript_bot/tsconfig.json WatchType: Wild card directory
Info 237  [00:01:18.784] DirectoryWatcher:: Triggered with /home/frog/public/typescript_bot/#main.py# 0:: WatchInfo: /home/frog/public/typescript_bot 1 undefined Config: /home/frog/public/typescript_bot/tsconfig.json WatchType: Wild card directory
Info 238  [00:01:18.785] Project: /home/frog/public/typescript_bot/tsconfig.json Detected file add/remove of non supported extension: /home/frog/public/typescript_bot/#main.py#
Info 239  [00:01:18.785] Elapsed:: 0.3262819997034967ms DirectoryWatcher:: Triggered with /home/frog/public/typescript_bot/#main.py# 0:: WatchInfo: /home/frog/public/typescript_bot 1 undefined Config: /home/frog/public/typescript_bot/tsconfig.json WatchType: Wild card directory
Info 240  [00:01:26.615] DirectoryWatcher:: Triggered with /home/frog/public/typescript_bot/#main.py# 0:: WatchInfo: /home/frog/public/typescript_bot 1 undefined Config: /home/frog/public/typescript_bot/tsconfig.json WatchType: Wild card directory
Info 241  [00:01:26.615] Project: /home/frog/public/typescript_bot/tsconfig.json Detected file add/remove of non supported extension: /home/frog/public/typescript_bot/#main.py#
Info 242  [00:01:26.616] Elapsed:: 0.23077300004661083ms DirectoryWatcher:: Triggered with /home/frog/public/typescript_bot/#main.py# 0:: WatchInfo: /home/frog/public/typescript_bot 1 undefined Config: /home/frog/public/typescript_bot/tsconfig.json WatchType: Wild card directory
Info 243  [00:01:33.493] DirectoryWatcher:: Triggered with /home/frog/public/typescript_bot/#main.py# 0:: WatchInfo: /home/frog/public/typescript_bot 1 undefined Config: /home/frog/public/typescript_bot/tsconfig.json WatchType: Wild card directory
Info 244  [00:01:33.493] Project: /home/frog/public/typescript_bot/tsconfig.json Detected file add/remove of non supported extension: /home/frog/public/typescript_bot/#main.py#
Info 245  [00:01:33.493] Elapsed:: 0.38453199993819ms DirectoryWatcher:: Triggered with /home/frog/public/typescript_bot/#main.py# 0:: WatchInfo: /home/frog/public/typescript_bot 1 undefined Config: /home/frog/public/typescript_bot/tsconfig.json WatchType: Wild card directory
Info 246  [00:05:20.636] Search path: /home/frog/public/typescript_bot
Info 247  [00:05:20.637] For info: /home/frog/public/typescript_bot/index.ts :: Config file name: /home/frog/public/typescript_bot/tsconfig.json
Info 248  [00:05:26.756] Starting updateGraphWorker: Project: /home/frog/public/typescript_bot/tsconfig.json
Info 249  [00:05:26.773] Finishing updateGraphWorker: Project: /home/frog/public/typescript_bot/tsconfig.json Version: 27 structureChanged: false structureIsReused:: Completely Elapsed: 16.513952000066638ms
Info 250  [00:05:26.773] Different program with same set of files
Info 251  [00:05:27.972] Starting updateGraphWorker: Project: /home/frog/public/typescript_bot/tsconfig.json
Info 252  [00:05:27.986] Finishing updateGraphWorker: Project: /home/frog/public/typescript_bot/tsconfig.json Version: 28 structureChanged: false structureIsReused:: Completely Elapsed: 13.427009999752045ms
Info 253  [00:05:27.986] Different program with same set of files
Info 254  [00:05:43.020] DirectoryWatcher:: Triggered with /home/frog/public/typescript_bot/main.py 0:: WatchInfo: /home/frog/public/typescript_bot 1 undefined Config: /home/frog/public/typescript_bot/tsconfig.json WatchType: Wild card directory
Info 255  [00:05:43.021] Project: /home/frog/public/typescript_bot/tsconfig.json Detected file add/remove of non supported extension: /home/frog/public/typescript_bot/main.py
Info 256  [00:05:43.021] Elapsed:: 0.4168020002543926ms DirectoryWatcher:: Triggered with /home/frog/public/typescript_bot/main.py 0:: WatchInfo: /home/frog/public/typescript_bot 1 undefined Config: /home/frog/public/typescript_bot/tsconfig.json WatchType: Wild card directory
Info 257  [00:06:03.549] Search path: /home/frog/public/typescript_bot/commands/moderation
Info 258  [00:06:03.550] For info: /home/frog/public/typescript_bot/commands/moderation/kick.ts :: Config file name: /home/frog/public/typescript_bot/tsconfig.json
Info 259  [00:06:03.559] Starting updateGraphWorker: Project: /dev/null/inferredProject1*
Info 260  [00:06:04.192] Finishing updateGraphWorker: Project: /dev/null/inferredProject1* Version: 1 structureChanged: true structureIsReused:: Not Elapsed: 632.3746430003084ms
Info 261  [00:06:04.192] Project '/dev/null/inferredProject1*' (Inferred)
Info 262  [00:06:04.192] 	Files (101)

Info 263  [00:06:04.192] -----------------------------------------------
Info 264  [00:06:04.196] AutoImportProviderProject: found 4 root files in 4 dependencies in 2.4430929999798536 ms
Info 265  [00:06:04.196] Starting updateGraphWorker: Project: /dev/null/autoImportProviderProject2*
Info 266  [00:06:04.447] Finishing updateGraphWorker: Project: /dev/null/autoImportProviderProject2* Version: 1 structureChanged: true structureIsReused:: Not Elapsed: 251.2377900001593ms
Info 267  [00:06:04.448] Project '/dev/null/autoImportProviderProject2*' (AutoImportProvider)
Info 268  [00:06:04.448] 	Files (149)

Info 269  [00:06:04.448] -----------------------------------------------
Info 270  [00:06:04.520] DirectoryWatcher:: Triggered with /home/frog/public/typescript_bot/commands/moderation/kick.ts 0:: WatchInfo: /home/frog/public/typescript_bot 1 undefined Config: /home/frog/public/typescript_bot/tsconfig.json WatchType: Wild card directory
Info 271  [00:06:04.521] Elapsed:: 0.5073520001024008ms DirectoryWatcher:: Triggered with /home/frog/public/typescript_bot/commands/moderation/kick.ts 0:: WatchInfo: /home/frog/public/typescript_bot 1 undefined Config: /home/frog/public/typescript_bot/tsconfig.json WatchType: Wild card directory
Info 272  [00:06:04.521] DirectoryWatcher:: Triggered with /home/frog/public/typescript_bot/commands/moderation/kick.ts 0:: WatchInfo: /home/frog/public/typescript_bot/commands 1 undefined Project: /home/frog/public/typescript_bot/tsconfig.json WatchType: Failed Lookup Locations
Info 273  [00:06:04.521] Elapsed:: 0.21679700026288629ms DirectoryWatcher:: Triggered with /home/frog/public/typescript_bot/commands/moderation/kick.ts 0:: WatchInfo: /home/frog/public/typescript_bot/commands 1 undefined Project: /home/frog/public/typescript_bot/tsconfig.json WatchType: Failed Lookup Locations
Info 274  [00:06:04.775] Starting updateGraphWorker: Project: /home/frog/public/typescript_bot/tsconfig.json
Info 275  [00:06:04.799] Finishing updateGraphWorker: Project: /home/frog/public/typescript_bot/tsconfig.json Version: 29 structureChanged: true structureIsReused:: Not Elapsed: 23.84503600001335ms
Info 276  [00:06:04.799] Project '/home/frog/public/typescript_bot/tsconfig.json' (Configured)
Info 277  [00:06:04.799] 	Files (189)

Info 278  [00:06:04.799] -----------------------------------------------
Info 279  [00:06:04.799] Project '/dev/null/autoImportProviderProject1*' (AutoImportProvider)
Info 280  [00:06:04.799] 	Files (52)

Info 281  [00:06:04.799] -----------------------------------------------
Info 282  [00:06:07.022] Before ensureProjectForOpenFiles:
Info 283  [00:06:07.022] Starting updateGraphWorker: Project: /dev/null/inferredProject1*
Info 284  [00:06:07.025] Finishing updateGraphWorker: Project: /dev/null/inferredProject1* Version: 2 structureChanged: true structureIsReused:: Not Elapsed: 3.0275200000032783ms
Info 285  [00:06:07.025] Project '/dev/null/inferredProject1*' (Inferred)
Info 286  [00:06:07.025] 	Files (0)

Info 287  [00:06:07.025] -----------------------------------------------
Info 288  [00:06:07.025] Project '/dev/null/autoImportProviderProject2*' (AutoImportProvider)
Info 289  [00:06:07.025] 	Files (149)

Info 290  [00:06:07.025] -----------------------------------------------
Info 291  [00:06:07.026] After ensureProjectForOpenFiles:
Info 292  [00:06:07.026] got projects updated in background, updating diagnostics for /home/frog/public/typescript_bot/commands/moderation/ban.ts,/home/frog/public/typescript_bot/index.ts,/home/frog/public/typescript_bot/commands/moderation/kick.ts
Info 293  [00:06:13.934] Search path: /home/frog/public/typescript_bot/commands/testing
Info 294  [00:06:13.934] For info: /home/frog/public/typescript_bot/commands/testing/ping.ts :: Config file name: /home/frog/public/typescript_bot/tsconfig.json
Info 295  [00:06:13.935] `remove Project::
Info 296  [00:06:13.935] Project '/dev/null/inferredProject1*' (Inferred)
Info 297  [00:06:13.935] 	Files (0)

Info 298  [00:06:13.935] -----------------------------------------------
Info 299  [00:06:13.935] Project '/dev/null/autoImportProviderProject2*' (AutoImportProvider)
Info 300  [00:06:13.935] 	Files (149)

Info 301  [00:06:13.935] -----------------------------------------------
Info 302  [00:06:23.424] Starting updateGraphWorker: Project: /home/frog/public/typescript_bot/tsconfig.json
Info 303  [00:06:23.497] Finishing updateGraphWorker: Project: /home/frog/public/typescript_bot/tsconfig.json Version: 30 structureChanged: true structureIsReused:: SafeModules Elapsed: 73.05766200041398ms
Info 304  [00:06:23.498] Different program with same set of files
Info 305  [00:06:28.557] Starting updateGraphWorker: Project: /home/frog/public/typescript_bot/tsconfig.json
Info 306  [00:06:28.570] Finishing updateGraphWorker: Project: /home/frog/public/typescript_bot/tsconfig.json Version: 31 structureChanged: false structureIsReused:: Completely Elapsed: 13.442338999826461ms
Info 307  [00:06:28.570] Different program with same set of files
Info 308  [00:06:28.782] Starting updateGraphWorker: Project: /home/frog/public/typescript_bot/tsconfig.json
Info 309  [00:06:28.786] Finishing updateGraphWorker: Project: /home/frog/public/typescript_bot/tsconfig.json Version: 32 structureChanged: false structureIsReused:: Completely Elapsed: 4.541660000104457ms
Info 310  [00:06:28.786] Different program with same set of files
Info 311  [00:06:28.789] getCompletionData: Get current token: 0.027632000390440226
Info 312  [00:06:28.789] getCompletionData: Is inside comment: 0.04661700036376715
Info 313  [00:06:28.789] getCompletionData: Get previous token: 0.043120999820530415
Info 314  [00:06:28.789] getCompletionsAtPosition: isCompletionListBlocker: 0.2907660002820194
Info 315  [00:06:28.791] getCompletionData: Semantic work: 1.43442100007087
Info 316  [00:06:28.813] getCompletionData: Get current token: 0.02219099970534444
Info 317  [00:06:28.813] getCompletionData: Is inside comment: 0.04233000008389354
Info 318  [00:06:28.814] getCompletionData: Get previous token: 0.03626800002530217
Info 319  [00:06:28.814] getCompletionsAtPosition: isCompletionListBlocker: 0.0026650000363588333
Info 320  [00:06:28.814] getCompletionData: Semantic work: 0.0765440003015101
Info 321  [00:06:28.815] getCompletionData: Get current token: 0.02177100023254752
Info 322  [00:06:28.815] getCompletionData: Is inside comment: 0.04003500007092953
Info 323  [00:06:28.816] getCompletionData: Get previous token: 0.037830999586731195
Info 324  [00:06:28.816] getCompletionsAtPosition: isCompletionListBlocker: 0.0024049999192357063
Info 325  [00:06:28.816] getCompletionData: Semantic work: 0.06134499981999397
Info 326  [00:06:28.921] getCompletionData: Get current token: 0.02164099970832467
Info 327  [00:06:28.921] getCompletionData: Is inside comment: 0.04192799981683493
Info 328  [00:06:28.921] getCompletionData: Get previous token: 0.03581699961796403
Info 329  [00:06:28.921] getCompletionsAtPosition: isCompletionListBlocker: 0.00227500032633543
Info 330  [00:06:28.921] getCompletionData: Semantic work: 0.0730969998985529
Info 331  [00:06:30.262] Starting updateGraphWorker: Project: /home/frog/public/typescript_bot/tsconfig.json
Info 332  [00:06:30.273] Finishing updateGraphWorker: Project: /home/frog/public/typescript_bot/tsconfig.json Version: 33 structureChanged: false structureIsReused:: Completely Elapsed: 10.27988600032404ms
Info 333  [00:06:30.273] Different program with same set of files
Info 334  [00:06:30.678] Starting updateGraphWorker: Project: /home/frog/public/typescript_bot/tsconfig.json
Info 335  [00:06:30.687] Finishing updateGraphWorker: Project: /home/frog/public/typescript_bot/tsconfig.json Version: 34 structureChanged: false structureIsReused:: Completely Elapsed: 8.657711999956518ms
Info 336  [00:06:30.687] Different program with same set of files
Info 337  [00:06:31.070] Starting updateGraphWorker: Project: /home/frog/public/typescript_bot/tsconfig.json
Info 338  [00:06:31.077] Finishing updateGraphWorker: Project: /home/frog/public/typescript_bot/tsconfig.json Version: 35 structureChanged: false structureIsReused:: Completely Elapsed: 7.307359999977052ms
Info 339  [00:06:31.077] Different program with same set of files
Info 340  [00:06:33.853] Starting updateGraphWorker: Project: /home/frog/public/typescript_bot/tsconfig.json
Info 341  [00:06:33.861] Finishing updateGraphWorker: Project: /home/frog/public/typescript_bot/tsconfig.json Version: 36 structureChanged: false structureIsReused:: Completely Elapsed: 8.205635000020266ms
Info 342  [00:06:33.862] Different program with same set of files
Info 343  [00:06:35.413] Starting updateGraphWorker: Project: /home/frog/public/typescript_bot/tsconfig.json
Info 344  [00:06:35.421] Finishing updateGraphWorker: Project: /home/frog/public/typescript_bot/tsconfig.json Version: 37 structureChanged: false structureIsReused:: Completely Elapsed: 7.574359999969602ms
Info 345  [00:06:35.421] Different program with same set of files
Info 346  [00:06:37.581] Starting updateGraphWorker: Project: /home/frog/public/typescript_bot/tsconfig.json
Info 347  [00:06:37.590] Finishing updateGraphWorker: Project: /home/frog/public/typescript_bot/tsconfig.json Version: 38 structureChanged: false structureIsReused:: Completely Elapsed: 9.010885000228882ms
Info 348  [00:06:37.590] Different program with same set of files
Info 349  [00:06:38.173] Starting updateGraphWorker: Project: /home/frog/public/typescript_bot/tsconfig.json
Info 350  [00:06:38.180] Finishing updateGraphWorker: Project: /home/frog/public/typescript_bot/tsconfig.json Version: 39 structureChanged: false structureIsReused:: Completely Elapsed: 7.371718999929726ms
Info 351  [00:06:38.180] Different program with same set of files
Info 352  [00:06:38.548] Starting updateGraphWorker: Project: /home/frog/public/typescript_bot/tsconfig.json
Info 353  [00:06:38.556] Finishing updateGraphWorker: Project: /home/frog/public/typescript_bot/tsconfig.json Version: 40 structureChanged: false structureIsReused:: Completely Elapsed: 7.602684000041336ms
Info 354  [00:06:38.556] Different program with same set of files
Info 355  [00:06:38.917] Starting updateGraphWorker: Project: /home/frog/public/typescript_bot/tsconfig.json
Info 356  [00:06:38.924] Finishing updateGraphWorker: Project: /home/frog/public/typescript_bot/tsconfig.json Version: 41 structureChanged: false structureIsReused:: Completely Elapsed: 7.733778000343591ms
Info 357  [00:06:38.925] Different program with same set of files
Info 358  [00:06:41.453] Starting updateGraphWorker: Project: /home/frog/public/typescript_bot/tsconfig.json
Info 359  [00:06:41.461] Finishing updateGraphWorker: Project: /home/frog/public/typescript_bot/tsconfig.json Version: 42 structureChanged: false structureIsReused:: Completely Elapsed: 7.768454000353813ms
Info 360  [00:06:41.461] Different program with same set of files
Info 361  [00:06:41.813] Starting updateGraphWorker: Project: /home/frog/public/typescript_bot/tsconfig.json
Info 362  [00:06:41.821] Finishing updateGraphWorker: Project: /home/frog/public/typescript_bot/tsconfig.json Version: 43 structureChanged: false structureIsReused:: Completely Elapsed: 7.33525100024417ms
Info 363  [00:06:41.821] Different program with same set of files
Info 364  [00:06:41.822] getCompletionData: Get current token: 0.0319199999794364
Info 365  [00:06:41.822] getCompletionData: Is inside comment: 0.07648400031030178
Info 366  [00:06:41.822] getCompletionData: Get previous token: 0.061985999811440706
Info 367  [00:06:41.822] getCompletionsAtPosition: isCompletionListBlocker: 0.005450000055134296
Info 368  [00:06:41.823] getCompletionData: Semantic work: 0.8697420000098646
Info 369  [00:06:41.846] getCompletionData: Get current token: 0.030526999849826097
Info 370  [00:06:41.846] getCompletionData: Is inside comment: 0.06790699996054173
Info 371  [00:06:41.846] getCompletionData: Get previous token: 0.06871799984946847
Info 372  [00:06:41.846] getCompletionsAtPosition: isCompletionListBlocker: 0.004377999808639288
Info 373  [00:06:41.846] getCompletionData: Semantic work: 0.11584699992090464
Info 374  [00:06:41.848] getCompletionData: Get current token: 0.029855999629944563
Info 375  [00:06:41.848] getCompletionData: Is inside comment: 0.06805700017139316
Info 376  [00:06:41.848] getCompletionData: Get previous token: 0.059431999921798706
Info 377  [00:06:41.849] getCompletionsAtPosition: isCompletionListBlocker: 0.0038479999639093876
Info 378  [00:06:41.849] getCompletionData: Semantic work: 0.10692099994048476
Info 379  [00:06:41.851] getCompletionData: Get current token: 0.029665000271052122
Info 380  [00:06:41.851] getCompletionData: Is inside comment: 0.06629400001838803
Info 381  [00:06:41.851] getCompletionData: Get previous token: 0.05832899967208505
Info 382  [00:06:41.851] getCompletionsAtPosition: isCompletionListBlocker: 0.003756999969482422
Info 383  [00:06:41.851] getCompletionData: Semantic work: 0.10000699991360307
Info 384  [00:06:42.098] Starting updateGraphWorker: Project: /home/frog/public/typescript_bot/tsconfig.json
Info 385  [00:06:42.101] Finishing updateGraphWorker: Project: /home/frog/public/typescript_bot/tsconfig.json Version: 44 structureChanged: false structureIsReused:: Completely Elapsed: 3.537055999971926ms
Info 386  [00:06:42.102] Different program with same set of files
Info 387  [00:06:42.102] getCompletionData: Get current token: 0.013445999938994646
Info 388  [00:06:42.102] getCompletionData: Is inside comment: 0.024506000336259604
Info 389  [00:06:42.102] getCompletionData: Get previous token: 0.041077000088989735
Info 390  [00:06:42.102] getCompletionsAtPosition: isCompletionListBlocker: 0.0025649997405707836
Info 391  [00:06:42.102] getCompletionData: Semantic work: 0.3560379999689758
Info 392  [00:06:42.132] getCompletionData: Get current token: 0.01155199995264411
Info 393  [00:06:42.132] getCompletionData: Is inside comment: 0.024224999826401472
Info 394  [00:06:42.132] getCompletionData: Get previous token: 0.040535999927669764
Info 395  [00:06:42.132] getCompletionsAtPosition: isCompletionListBlocker: 0.002293999772518873
Info 396  [00:06:42.132] getCompletionData: Semantic work: 0.07938899984583259
Info 397  [00:06:42.133] getCompletionData: Get current token: 0.010720000136643648
Info 398  [00:06:42.133] getCompletionData: Is inside comment: 0.02712099999189377
Info 399  [00:06:42.133] getCompletionData: Get previous token: 0.040105000138282776
Info 400  [00:06:42.133] getCompletionsAtPosition: isCompletionListBlocker: 0.0016729999333620071
Info 401  [00:06:42.133] getCompletionData: Semantic work: 0.044513999950140715
Info 402  [00:06:42.133] getCompletionData: Get current token: 0.01116100000217557
Info 403  [00:06:42.133] getCompletionData: Is inside comment: 0.023274000268429518
Info 404  [00:06:42.133] getCompletionData: Get previous token: 0.041298000141978264
Info 405  [00:06:42.133] getCompletionsAtPosition: isCompletionListBlocker: 0.0017740000039339066
Info 406  [00:06:42.133] getCompletionData: Semantic work: 0.11287099961191416
Info 407  [00:06:42.133] Starting updateGraphWorker: Project: /home/frog/public/typescript_bot/tsconfig.json
Info 408  [00:06:42.143] Finishing updateGraphWorker: Project: /home/frog/public/typescript_bot/tsconfig.json Version: 45 structureChanged: false structureIsReused:: Completely Elapsed: 10.013927000109106ms
Info 409  [00:06:42.143] Different program with same set of files
Info 410  [00:06:42.144] getCompletionData: Get current token: 0.012784000020474195
Info 411  [00:06:42.144] getCompletionData: Is inside comment: 0.06858900003135204
Info 412  [00:06:42.144] getCompletionData: Get previous token: 0.06462100008502603
Info 413  [00:06:42.144] getCompletionsAtPosition: isCompletionListBlocker: 0.0033970000222325325
Info 414  [00:06:42.144] getCompletionData: Semantic work: 0.3323840000666678
Info 415  [00:06:42.148] getCompletionData: Get current token: 0.011051000095903873
Info 416  [00:06:42.148] getCompletionData: Is inside comment: 0.023224000353366137
Info 417  [00:06:42.148] getCompletionData: Get previous token: 0.03989499993622303
Info 418  [00:06:42.148] getCompletionsAtPosition: isCompletionListBlocker: 0.0025149998255074024
Info 419  [00:06:42.148] getCompletionData: Semantic work: 0.07157400017604232
Info 420  [00:06:42.150] getCompletionData: Get current token: 0.010930000338703394
Info 421  [00:06:42.150] getCompletionData: Is inside comment: 0.019757000263780355
Info 422  [00:06:42.150] getCompletionData: Get previous token: 0.0343339997343719
Info 423  [00:06:42.150] getCompletionsAtPosition: isCompletionListBlocker: 0.0018939999863505363
Info 424  [00:06:42.150] getCompletionData: Semantic work: 0.042930999770760536
Info 425  [00:06:42.151] getCompletionData: Get current token: 0.011111000087112188
Info 426  [00:06:42.151] getCompletionData: Is inside comment: 0.019958000164479017
Info 427  [00:06:42.151] getCompletionData: Get previous token: 0.033623000141233206
Info 428  [00:06:42.151] getCompletionsAtPosition: isCompletionListBlocker: 0.0016129999421536922
Info 429  [00:06:42.151] getCompletionData: Semantic work: 0.03579699993133545
Info 430  [00:06:42.200] Starting updateGraphWorker: Project: /home/frog/public/typescript_bot/tsconfig.json
Info 431  [00:06:42.204] Finishing updateGraphWorker: Project: /home/frog/public/typescript_bot/tsconfig.json Version: 46 structureChanged: false structureIsReused:: Completely Elapsed: 3.3374210000038147ms
Info 432  [00:06:42.204] Different program with same set of files
Info 433  [00:06:42.204] getCompletionData: Get current token: 0.01294500008225441
Info 434  [00:06:42.204] getCompletionData: Is inside comment: 0.020899000111967325
Info 435  [00:06:42.204] getCompletionData: Get previous token: 0.035516999661922455
Info 436  [00:06:42.204] getCompletionsAtPosition: isCompletionListBlocker: 0.0023749996908009052
Info 437  [00:06:42.205] getCompletionData: Semantic work: 0.2374249999411404
Info 438  [00:06:42.210] getCompletionData: Get current token: 0.011371999979019165
Info 439  [00:06:42.210] getCompletionData: Is inside comment: 0.020469000097364187
Info 440  [00:06:42.210] getCompletionData: Get previous token: 0.03500600019469857
Info 441  [00:06:42.210] getCompletionsAtPosition: isCompletionListBlocker: 0.0016729999333620071
Info 442  [00:06:42.210] getCompletionData: Semantic work: 0.15008100029081106
Info 443  [00:06:42.213] getCompletionData: Get current token: 0.01710199983790517
Info 444  [00:06:42.213] getCompletionData: Is inside comment: 0.06655400013551116
Info 445  [00:06:42.213] getCompletionData: Get previous token: 0.05555399972945452
Info 446  [00:06:42.213] getCompletionsAtPosition: isCompletionListBlocker: 0.002584999892860651
Info 447  [00:06:42.213] getCompletionData: Semantic work: 0.06862899987027049
Info 448  [00:06:42.215] getCompletionData: Get current token: 0.018234000075608492
Info 449  [00:06:42.215] getCompletionData: Is inside comment: 0.02970500010997057
Info 450  [00:06:42.215] getCompletionData: Get previous token: 0.05102499993517995
Info 451  [00:06:42.215] getCompletionsAtPosition: isCompletionListBlocker: 0.00253499997779727
Info 452  [00:06:42.216] getCompletionData: Semantic work: 0.05189800029620528
Info 453  [00:06:42.350] Starting updateGraphWorker: Project: /home/frog/public/typescript_bot/tsconfig.json
Info 454  [00:06:42.356] Finishing updateGraphWorker: Project: /home/frog/public/typescript_bot/tsconfig.json Version: 47 structureChanged: false structureIsReused:: Completely Elapsed: 5.856646999716759ms
Info 455  [00:06:42.356] Different program with same set of files
Info 456  [00:06:42.356] getCompletionData: Get current token: 0.0284939999692142
Info 457  [00:06:42.356] getCompletionData: Is inside comment: 0.048580999951809645
Info 458  [00:06:42.356] getCompletionData: Get previous token: 0.08275500033050776
Info 459  [00:06:42.357] getCompletionsAtPosition: isCompletionListBlocker: 0.004809000063687563
Info 460  [00:06:42.357] getCompletionData: Semantic work: 0.46745699970051646
Info 461  [00:06:42.359] getCompletionData: Get current token: 0.02802199963480234
Info 462  [00:06:42.359] getCompletionData: Is inside comment: 0.04816000023856759
Info 463  [00:06:42.360] getCompletionData: Get previous token: 0.08232499985024333
Info 464  [00:06:42.360] getCompletionsAtPosition: isCompletionListBlocker: 0.004108000081032515
Info 465  [00:06:42.360] getCompletionData: Semantic work: 0.22922000009566545
Info 466  [00:06:42.362] getCompletionData: Get current token: 0.027772000059485435
Info 467  [00:06:42.362] getCompletionData: Is inside comment: 0.04852099996060133
Info 468  [00:06:42.363] getCompletionData: Get previous token: 0.08271500002592802
Info 469  [00:06:42.363] getCompletionsAtPosition: isCompletionListBlocker: 0.004038000013679266
Info 470  [00:06:42.363] getCompletionData: Semantic work: 0.08617200003936887
Info 471  [00:06:42.365] getCompletionData: Get current token: 0.02982599986717105
Info 472  [00:06:42.365] getCompletionData: Is inside comment: 0.0523780002258718
Info 473  [00:06:42.365] getCompletionData: Get previous token: 0.10309300012886524
Info 474  [00:06:42.365] getCompletionsAtPosition: isCompletionListBlocker: 0.0037969998084008694
Info 475  [00:06:42.365] getCompletionData: Semantic work: 0.08910699980333447
Info 476  [00:06:42.405] Starting updateGraphWorker: Project: /home/frog/public/typescript_bot/tsconfig.json
Info 477  [00:06:42.411] Finishing updateGraphWorker: Project: /home/frog/public/typescript_bot/tsconfig.json Version: 48 structureChanged: false structureIsReused:: Completely Elapsed: 5.99063799995929ms
Info 478  [00:06:42.411] Different program with same set of files
Info 479  [00:06:42.412] getCompletionData: Get current token: 0.029966000001877546
Info 480  [00:06:42.412] getCompletionData: Is inside comment: 0.052869999781250954
Info 481  [00:06:42.412] getCompletionData: Get previous token: 0.0893369996920228
Info 482  [00:06:42.412] getCompletionsAtPosition: isCompletionListBlocker: 0.005369999911636114
Info 483  [00:06:42.413] getCompletionData: Semantic work: 0.5001380001194775
Info 484  [00:06:42.415] getCompletionData: Get current token: 0.029133999720215797
Info 485  [00:06:42.415] getCompletionData: Is inside comment: 0.05237900000065565
Info 486  [00:06:42.416] getCompletionData: Get previous token: 0.08840599982067943
Info 487  [00:06:42.416] getCompletionsAtPosition: isCompletionListBlocker: 0.004348000045865774
Info 488  [00:06:42.416] getCompletionData: Semantic work: 0.09863500017672777
Info 489  [00:06:42.418] getCompletionData: Get current token: 0.02876400016248226
Info 490  [00:06:42.418] getCompletionData: Is inside comment: 0.05242800014093518
Info 491  [00:06:42.418] getCompletionData: Get previous token: 0.10090899979695678
Info 492  [00:06:42.419] getCompletionsAtPosition: isCompletionListBlocker: 0.005820999853312969
Info 493  [00:06:42.419] getCompletionData: Semantic work: 0.09459699969738722
Info 494  [00:06:42.421] getCompletionData: Get current token: 0.029134999960660934
Info 495  [00:06:42.421] getCompletionData: Is inside comment: 0.05161700025200844
Info 496  [00:06:42.421] getCompletionData: Get previous token: 0.09701200015842915
Info 497  [00:06:42.421] getCompletionsAtPosition: isCompletionListBlocker: 0.00506999995559454
Info 498  [00:06:42.421] getCompletionData: Semantic work: 0.09006900014355779
Info 499  [00:06:43.971] Starting updateGraphWorker: Project: /home/frog/public/typescript_bot/tsconfig.json
Info 500  [00:06:43.979] Finishing updateGraphWorker: Project: /home/frog/public/typescript_bot/tsconfig.json Version: 49 structureChanged: false structureIsReused:: Completely Elapsed: 7.089360999874771ms
Info 501  [00:06:43.979] Different program with same set of files
Info 502  [00:06:44.572] Starting updateGraphWorker: Project: /home/frog/public/typescript_bot/tsconfig.json
Info 503  [00:06:44.581] Finishing updateGraphWorker: Project: /home/frog/public/typescript_bot/tsconfig.json Version: 50 structureChanged: false structureIsReused:: Completely Elapsed: 9.053304999601096ms
Info 504  [00:06:44.581] Different program with same set of files
Info 505  [00:06:45.044] Starting updateGraphWorker: Project: /home/frog/public/typescript_bot/tsconfig.json
Info 506  [00:06:45.051] Finishing updateGraphWorker: Project: /home/frog/public/typescript_bot/tsconfig.json Version: 51 structureChanged: false structureIsReused:: Completely Elapsed: 7.53563700011ms
Info 507  [00:06:45.052] Different program with same set of files
Info 508  [00:06:50.852] DirectoryWatcher:: Triggered with /home/frog/public/typescript_bot/commands/moderation/#kick.ts# 0:: WatchInfo: /home/frog/public/typescript_bot 1 undefined Config: /home/frog/public/typescript_bot/tsconfig.json WatchType: Wild card directory
Info 509  [00:06:50.852] Project: /home/frog/public/typescript_bot/tsconfig.json Detected file add/remove of non supported extension: /home/frog/public/typescript_bot/commands/moderation/#kick.ts#
Info 510  [00:06:50.852] Elapsed:: 0.40076200012117624ms DirectoryWatcher:: Triggered with /home/frog/public/typescript_bot/commands/moderation/#kick.ts# 0:: WatchInfo: /home/frog/public/typescript_bot 1 undefined Config: /home/frog/public/typescript_bot/tsconfig.json WatchType: Wild card directory
Info 511  [00:06:50.852] DirectoryWatcher:: Triggered with /home/frog/public/typescript_bot/commands/moderation/#kick.ts# 0:: WatchInfo: /home/frog/public/typescript_bot/commands 1 undefined Project: /home/frog/public/typescript_bot/tsconfig.json WatchType: Failed Lookup Locations
Info 512  [00:06:50.852] Elapsed:: 0.1470249998383224ms DirectoryWatcher:: Triggered with /home/frog/public/typescript_bot/commands/moderation/#kick.ts# 0:: WatchInfo: /home/frog/public/typescript_bot/commands 1 undefined Project: /home/frog/public/typescript_bot/tsconfig.json WatchType: Failed Lookup Locations
Info 513  [00:08:42.952] Starting updateGraphWorker: Project: /home/frog/public/typescript_bot/tsconfig.json
Info 514  [00:08:43.009] Finishing updateGraphWorker: Project: /home/frog/public/typescript_bot/tsconfig.json Version: 52 structureChanged: true structureIsReused:: SafeModules Elapsed: 56.004840000066906ms
Info 515  [00:08:43.009] Different program with same set of files
Info 516  [00:08:51.113] Search path: /home/frog/public/typescript_bot
Info 517  [00:08:51.113] For info: /home/frog/public/typescript_bot/index2.ts :: Config file name: /home/frog/public/typescript_bot/tsconfig.json
Info 518  [00:08:51.129] Starting updateGraphWorker: Project: /dev/null/inferredProject2*
Info 519  [00:08:51.190] Finishing updateGraphWorker: Project: /dev/null/inferredProject2* Version: 1 structureChanged: true structureIsReused:: Not Elapsed: 60.418500000145286ms
Info 520  [00:08:51.190] Project '/dev/null/inferredProject2*' (Inferred)
Info 521  [00:08:51.190] 	Files (101)

Info 522  [00:08:51.190] -----------------------------------------------
Info 523  [00:08:51.199] AutoImportProviderProject: found 4 root files in 4 dependencies in 5.679895999841392 ms
Info 524  [00:08:51.199] Starting updateGraphWorker: Project: /dev/null/autoImportProviderProject3*
Info 525  [00:08:51.366] Finishing updateGraphWorker: Project: /dev/null/autoImportProviderProject3* Version: 1 structureChanged: true structureIsReused:: Not Elapsed: 166.10886300029233ms
Info 526  [00:08:51.366] Project '/dev/null/autoImportProviderProject3*' (AutoImportProvider)
Info 527  [00:08:51.366] 	Files (149)

Info 528  [00:08:51.366] -----------------------------------------------
Info 529  [00:08:52.071] DirectoryWatcher:: Triggered with /home/frog/public/typescript_bot/index2.ts 0:: WatchInfo: /home/frog/public/typescript_bot 1 undefined Config: /home/frog/public/typescript_bot/tsconfig.json WatchType: Wild card directory
Info 530  [00:08:52.072] Elapsed:: 0.5504330000840127ms DirectoryWatcher:: Triggered with /home/frog/public/typescript_bot/index2.ts 0:: WatchInfo: /home/frog/public/typescript_bot 1 undefined Config: /home/frog/public/typescript_bot/tsconfig.json WatchType: Wild card directory
Info 531  [00:08:52.325] Starting updateGraphWorker: Project: /home/frog/public/typescript_bot/tsconfig.json
Info 532  [00:08:52.348] Finishing updateGraphWorker: Project: /home/frog/public/typescript_bot/tsconfig.json Version: 53 structureChanged: true structureIsReused:: Not Elapsed: 23.428263999987394ms
Info 533  [00:08:52.348] Project '/home/frog/public/typescript_bot/tsconfig.json' (Configured)
Info 534  [00:08:52.348] 	Files (190)

Info 535  [00:08:52.348] -----------------------------------------------
Info 536  [00:08:52.348] Project '/dev/null/autoImportProviderProject1*' (AutoImportProvider)
Info 537  [00:08:52.348] 	Files (52)

Info 538  [00:08:52.348] -----------------------------------------------
Info 539  [00:08:54.573] Before ensureProjectForOpenFiles:
Info 540  [00:08:54.573] Starting updateGraphWorker: Project: /dev/null/inferredProject2*
Info 541  [00:08:54.575] Finishing updateGraphWorker: Project: /dev/null/inferredProject2* Version: 2 structureChanged: true structureIsReused:: Not Elapsed: 1.4102150001563132ms
Info 542  [00:08:54.575] Project '/dev/null/inferredProject2*' (Inferred)
Info 543  [00:08:54.575] 	Files (0)

Info 544  [00:08:54.575] -----------------------------------------------
Info 545  [00:08:54.575] Project '/dev/null/autoImportProviderProject3*' (AutoImportProvider)
Info 546  [00:08:54.575] 	Files (149)

Info 547  [00:08:54.575] -----------------------------------------------
Info 548  [00:08:54.575] After ensureProjectForOpenFiles:
Info 549  [00:08:54.575] got projects updated in background, updating diagnostics for /home/frog/public/typescript_bot/commands/moderation/ban.ts,/home/frog/public/typescript_bot/index.ts,/home/frog/public/typescript_bot/index2.ts
Info 550  [00:08:54.970] Starting updateGraphWorker: Project: /dev/null/inferredProject2*
Info 551  [00:08:55.518] Finishing updateGraphWorker: Project: /dev/null/inferredProject2* Version: 3 structureChanged: true structureIsReused:: Not Elapsed: 547.6996059999801ms
Info 552  [00:08:55.518] Project '/dev/null/inferredProject2*' (Inferred)
Info 553  [00:08:55.518] 	Files (245)

Info 554  [00:08:55.518] -----------------------------------------------
Info 555  [00:08:55.518] Project '/dev/null/autoImportProviderProject3*' (AutoImportProvider)
Info 556  [00:08:55.518] 	Files (149)

Info 557  [00:08:55.518] -----------------------------------------------
Info 558  [00:08:57.221] Before ensureProjectForOpenFiles:
Info 559  [00:08:57.221] After ensureProjectForOpenFiles:
Info 560  [00:08:57.221] got projects updated in background, updating diagnostics for /home/frog/public/typescript_bot/commands/moderation/ban.ts,/home/frog/public/typescript_bot/index.ts,/home/frog/public/typescript_bot/index2.ts
Info 561  [00:16:49.383] DirectoryWatcher:: Triggered with /home/frog/public/typescript_bot/main.py 0:: WatchInfo: /home/frog/public/typescript_bot 1 undefined Config: /home/frog/public/typescript_bot/tsconfig.json WatchType: Wild card directory
Info 562  [00:16:49.383] Project: /home/frog/public/typescript_bot/tsconfig.json Detected file add/remove of non supported extension: /home/frog/public/typescript_bot/main.py
Info 563  [00:16:49.383] Elapsed:: 0.1897559999488294ms DirectoryWatcher:: Triggered with /home/frog/public/typescript_bot/main.py 0:: WatchInfo: /home/frog/public/typescript_bot 1 undefined Config: /home/frog/public/typescript_bot/tsconfig.json WatchType: Wild card directory
Info 564  [00:36:32.145] Search path: /home/frog/public/typescript_bot
Info 565  [00:36:32.146] For info: /home/frog/public/typescript_bot/ctrl.ts :: Config file name: /home/frog/public/typescript_bot/tsconfig.json
Info 566  [00:36:32.146] `remove Project::
Info 567  [00:36:32.146] Project '/dev/null/inferredProject2*' (Inferred)
Info 568  [00:36:32.146] 	Files (245)

Info 569  [00:36:32.146] -----------------------------------------------
Info 570  [00:36:32.146] Project '/dev/null/autoImportProviderProject3*' (AutoImportProvider)
Info 571  [00:36:32.146] 	Files (149)

Info 572  [00:36:32.146] -----------------------------------------------
